<?xml version="1.0" encoding="UTF-8"?>
<!-- Generated by org.testng.reporters.JUnitReportReporter -->
<testsuite hostname="Balas-MacBook-Pro.local" failures="0" tests="1" name="TestScripts.FoodrxLogin" time="28.744" errors="0" timestamp="2019-12-29T13:54:33 IST" skipped="0">
  <testcase classname="TestScripts.FoodrxLogin" name="login" time="28.744"/>
</testsuite> <!-- TestScripts.FoodrxLogin -->
