<?xml version="1.0" encoding="UTF-8"?>
<!-- Generated by org.testng.reporters.JUnitReportReporter -->
<testsuite hostname="Balas-MacBook-Pro.local" failures="0" tests="1" name="mobileapp.Login" time="0.010" errors="0" timestamp="2019-12-15T12:14:46 IST" skipped="0">
  <testcase classname="mobileapp.Login" name="openapp" time="0.010"/>
</testsuite> <!-- mobileapp.Login -->
