<?xml version="1.0" encoding="UTF-8"?>
<!-- Generated by org.testng.reporters.JUnitReportReporter -->
<testsuite hostname="Balas-MacBook-Pro.local" failures="0" tests="1" name="mobileapp.Dashboard" time="20.896" errors="0" timestamp="2019-12-15T12:58:18 IST" skipped="0">
  <testcase classname="mobileapp.Dashboard" name="openapp" time="20.896"/>
</testsuite> <!-- mobileapp.Dashboard -->
