<?xml version="1.0" encoding="UTF-8"?>
<!-- Generated by org.testng.reporters.JUnitReportReporter -->
<testsuite hostname="Balas-MacBook-Pro.local" failures="0" tests="1" name="PageObjectModel.Gmail" time="22.211" errors="0" timestamp="2019-12-28T14:07:50 IST" skipped="0">
  <testcase classname="PageObjectModel.Gmail" name="GmailSentPage" time="22.211"/>
</testsuite> <!-- PageObjectModel.Gmail -->
