<?xml version="1.0" encoding="UTF-8"?>
<!-- Generated by org.testng.reporters.JUnitReportReporter -->
<testsuite hostname="Balas-MacBook-Pro.local" failures="0" tests="5" name="foodrx.UsersMenu" time="21.602" errors="0" timestamp="2019-12-17T12:59:32 IST" skipped="0">
  <testcase classname="foodrx.UsersMenu" name="esubmit" time="2.961"/>
  <testcase classname="foodrx.UsersMenu" name="ausers" time="5.490"/>
  <testcase classname="foodrx.UsersMenu" name="dselectdropdownOption" time="2.078"/>
  <testcase classname="foodrx.UsersMenu" name="bsearchusers" time="5.532"/>
  <testcase classname="foodrx.UsersMenu" name="clickeditbutton" time="5.541"/>
</testsuite> <!-- foodrx.UsersMenu -->
