<?xml version="1.0" encoding="UTF-8"?>
<!-- Generated by org.testng.reporters.JUnitReportReporter -->
<testsuite hostname="Balas-MacBook-Pro.local" failures="0" tests="1" name="parallelexec.Generic" time="0.008" errors="0" timestamp="2019-12-21T16:30:52 IST" skipped="0">
  <testcase classname="parallelexec.Generic" name="type_cat" time="0.008"/>
</testsuite> <!-- parallelexec.Generic -->
