<?xml version="1.0" encoding="UTF-8"?>
<!-- Generated by org.testng.reporters.JUnitReportReporter -->
<testsuite hostname="Balas-MacBook-Pro.local" failures="0" tests="1" name="PageObjectModel.GmailLoginLogout" time="18.973" errors="0" timestamp="2019-12-28T13:16:05 IST" skipped="0">
  <testcase classname="PageObjectModel.GmailLoginLogout" name="gmailloginout" time="18.973"/>
</testsuite> <!-- PageObjectModel.GmailLoginLogout -->
