<?xml version="1.0" encoding="UTF-8"?>
<!-- Generated by org.testng.reporters.JUnitReportReporter -->
<testsuite hostname="Balas-MacBook-Pro.local" failures="0" tests="1" name="parallelexec.Parallelclass" time="9.497" errors="0" timestamp="2019-12-21T16:27:57 IST" skipped="0">
  <testcase classname="parallelexec.Parallelclass" name="test_property" time="9.497"/>
</testsuite> <!-- parallelexec.Parallelclass -->
