<?xml version="1.0" encoding="UTF-8"?>
<!-- Generated by org.testng.reporters.JUnitReportReporter -->
<testsuite hostname="Balas-MacBook-Pro.local" failures="0" tests="1" name="Pom.facebook_login" time="12.917" errors="0" timestamp="2019-12-22T12:22:26 IST" skipped="0">
  <testcase classname="Pom.facebook_login" name="facebooklog" time="12.917"/>
</testsuite> <!-- Pom.facebook_login -->
